
synpwrap -msg -prj "spi_slave_default_impl_synplify.tcl" -log "spi_slave_default_impl.srf"
Copyright (C) 1992-2017 Lattice Semiconductor Corporation. All rights reserved.
Lattice Diamond Version 3.9.1.119
    <postMsg mid="2011000" type="Info"    dynamic="0" navigation="0"  />

==contents of spi_slave_default_impl.srf
#Build: Synplify Pro L-2016.09L-1, Build 147R, Mar  7 2017
#install: F:\Program Files\lscc\diamond\3.9_x64\synpbase
#OS: Windows 8 6.2
#Hostname: DESKTOP-ITXS

# Mon May 29 02:50:08 2017

#Implementation: default_impl

Synopsys HDL Compiler, version comp2016q3p1, Build 284R, built Mar 10 2017
@N|Running in 64-bit mode
Copyright (C) 1994-2016 Synopsys, Inc. All rights reserved. This Synopsys software and all associated documentation are proprietary to Synopsys, Inc. and may only be used pursuant to the terms and conditions of a written license agreement with Synopsys, Inc. All other use, reproduction, modification, or distribution of the Synopsys software or the associated documentation is strictly prohibited.

Synopsys Verilog Compiler, version comp2016q3p1, Build 284R, built Mar 10 2017
@N|Running in 64-bit mode
Copyright (C) 1994-2016 Synopsys, Inc. All rights reserved. This Synopsys software and all associated documentation are proprietary to Synopsys, Inc. and may only be used pursuant to the terms and conditions of a written license agreement with Synopsys, Inc. All other use, reproduction, modification, or distribution of the Synopsys software or the associated documentation is strictly prohibited.

@I::"F:\Program Files\lscc\diamond\3.9_x64\synpbase\lib\lucent\machxo2.v" (library work)
@I::"F:\Program Files\lscc\diamond\3.9_x64\synpbase\lib\lucent\pmi_def.v" (library work)
@I::"F:\Program Files\lscc\diamond\3.9_x64\synpbase\lib\vlog\hypermods.v" (library __hyper__lib__)
@I::"F:\Program Files\lscc\diamond\3.9_x64\synpbase\lib\vlog\umr_capim.v" (library snps_haps)
@I::"F:\Program Files\lscc\diamond\3.9_x64\synpbase\lib\vlog\scemi_objects.v" (library snps_haps)
@I::"F:\Program Files\lscc\diamond\3.9_x64\synpbase\lib\vlog\scemi_pipes.svh" (library snps_haps)
@I::"C:\embedded\FPGA projects\spi_slave\spi_slave.sv" (library work)
@W: CG921 :"C:\embedded\FPGA projects\spi_slave\spi_slave.sv":51:5:51:7|LED is already declared in this scope.
@I::"C:\embedded\FPGA projects\spi_slave\top.sv" (library work)
Verilog syntax check successful!
File C:\embedded\FPGA projects\spi_slave\spi_slave.sv changed - recompiling
Selecting top level module top
@N: CG364 :"C:\embedded\FPGA projects\spi_slave\spi_slave.sv":1:7:1:15|Synthesizing module SPI_Slave in library work.

@W: CL271 :"C:\embedded\FPGA projects\spi_slave\spi_slave.sv":34:1:34:9|Pruning unused bits 7 to 1 of byte_data_received[7:0]. If this is not the intended behavior, drive the inputs with valid values, or inputs from the top level.
@N: CG364 :"C:\embedded\FPGA projects\spi_slave\top.sv":1:7:1:9|Synthesizing module top in library work.

@W: CL157 :"C:\embedded\FPGA projects\spi_slave\top.sv":11:8:11:10|*Output LED has undriven bits; assigning undriven bits to 0.  Simulation mismatch possible. Assign all bits of the output.

At c_ver Exit (Real Time elapsed 0h:00m:00s; CPU Time elapsed 0h:00m:00s; Memory used current: 70MB peak: 71MB)

Process took 0h:00m:01s realtime, 0h:00m:01s cputime

Process completed successfully.
# Mon May 29 02:50:08 2017

###########################################################]
Synopsys Netlist Linker, version comp2016q3p1, Build 279R, built Mar  8 2017
@N|Running in 64-bit mode
File C:\embedded\FPGA projects\spi_slave\default_impl\synwork\layer0.srs changed - recompiling
@N: NF107 :"C:\embedded\FPGA projects\spi_slave\top.sv":1:7:1:9|Selected library: work cell: top view verilog as top level
@N: NF107 :"C:\embedded\FPGA projects\spi_slave\top.sv":1:7:1:9|Selected library: work cell: top view verilog as top level

At syn_nfilter Exit (Real Time elapsed 0h:00m:00s; CPU Time elapsed 0h:00m:00s; Memory used current: 67MB peak: 68MB)

Process took 0h:00m:01s realtime, 0h:00m:01s cputime

Process completed successfully.
# Mon May 29 02:50:08 2017

###########################################################]
@END

At c_hdl Exit (Real Time elapsed 0h:00m:00s; CPU Time elapsed 0h:00m:00s; Memory used current: 3MB peak: 4MB)

Process took 0h:00m:01s realtime, 0h:00m:01s cputime

Process completed successfully.
# Mon May 29 02:50:08 2017

###########################################################]
Synopsys Netlist Linker, version comp2016q3p1, Build 279R, built Mar  8 2017
@N|Running in 64-bit mode
File C:\embedded\FPGA projects\spi_slave\default_impl\synwork\spi_slave_default_impl_comp.srs changed - recompiling
@N: NF107 :"C:\embedded\FPGA projects\spi_slave\top.sv":1:7:1:9|Selected library: work cell: top view verilog as top level
@N: NF107 :"C:\embedded\FPGA projects\spi_slave\top.sv":1:7:1:9|Selected library: work cell: top view verilog as top level

At syn_nfilter Exit (Real Time elapsed 0h:00m:00s; CPU Time elapsed 0h:00m:00s; Memory used current: 67MB peak: 68MB)

Process took 0h:00m:01s realtime, 0h:00m:01s cputime

Process completed successfully.
# Mon May 29 02:50:09 2017

###########################################################]
# Mon May 29 02:50:09 2017

Synopsys Lattice Technology Pre-mapping, Version maplat, Build 1682R, Built Mar 10 2017 10:47:08
Copyright (C) 1994-2017 Synopsys, Inc. This Synopsys software and all associated documentation are proprietary to Synopsys, Inc. and may only be used pursuant to the terms and conditions of a written license agreement with Synopsys, Inc. All other use, reproduction, modification, or distribution of the Synopsys software or the associated documentation is strictly prohibited.
Product Version L-2016.09L-1

Mapper Startup Complete (Real Time elapsed 0h:00m:00s; CPU Time elapsed 0h:00m:00s; Memory used current: 99MB peak: 99MB)

@A: MF827 |No constraint file specified.
@L: C:\embedded\FPGA projects\spi_slave\default_impl\spi_slave_default_impl_scck.rpt 
Printing clock  summary report in "C:\embedded\FPGA projects\spi_slave\default_impl\spi_slave_default_impl_scck.rpt" file 
@N: MF248 |Running in 64-bit mode.
@N: MF666 |Clock conversion enabled. (Command "set_option -fix_gated_and_generated_clocks 1" in the project file.)

Design Input Complete (Real Time elapsed 0h:00m:00s; CPU Time elapsed 0h:00m:00s; Memory used current: 99MB peak: 102MB)


Mapper Initialization Complete (Real Time elapsed 0h:00m:00s; CPU Time elapsed 0h:00m:00s; Memory used current: 100MB peak: 102MB)


Start loading timing files (Real Time elapsed 0h:00m:00s; CPU Time elapsed 0h:00m:00s; Memory used current: 111MB peak: 112MB)


Finished loading timing files (Real Time elapsed 0h:00m:00s; CPU Time elapsed 0h:00m:00s; Memory used current: 111MB peak: 114MB)

@W: FX474 |User-specified initial value defined for some sequential elements which can prevent optimum synthesis results from being achieved. 
@N: MO111 :"c:\embedded\fpga projects\spi_slave\top.sv":11:8:11:10|Tristate driver LED_1 (in view: work.top(verilog)) on net LED[7] (in view: work.top(verilog)) has its enable tied to GND.
@N: MO111 :"c:\embedded\fpga projects\spi_slave\top.sv":11:8:11:10|Tristate driver LED_2 (in view: work.top(verilog)) on net LED[6] (in view: work.top(verilog)) has its enable tied to GND.
@N: MO111 :"c:\embedded\fpga projects\spi_slave\top.sv":11:8:11:10|Tristate driver LED_3 (in view: work.top(verilog)) on net LED[5] (in view: work.top(verilog)) has its enable tied to GND.
@N: MO111 :"c:\embedded\fpga projects\spi_slave\top.sv":11:8:11:10|Tristate driver LED_4 (in view: work.top(verilog)) on net LED[4] (in view: work.top(verilog)) has its enable tied to GND.
@N: MO111 :"c:\embedded\fpga projects\spi_slave\top.sv":11:8:11:10|Tristate driver LED_5 (in view: work.top(verilog)) on net LED[3] (in view: work.top(verilog)) has its enable tied to GND.
@N: MO111 :"c:\embedded\fpga projects\spi_slave\top.sv":11:8:11:10|Tristate driver LED_6 (in view: work.top(verilog)) on net LED[2] (in view: work.top(verilog)) has its enable tied to GND.
@N: MO111 :"c:\embedded\fpga projects\spi_slave\top.sv":11:8:11:10|Tristate driver LED_7 (in view: work.top(verilog)) on net LED[1] (in view: work.top(verilog)) has its enable tied to GND.
ICG Latch Removal Summary:
Number of ICG latches removed:	0
Number of ICG latches not removed:	0
syn_allowed_resources : blockrams=26  set on top level netlist top

Finished netlist restructuring (Real Time elapsed 0h:00m:00s; CPU Time elapsed 0h:00m:00s; Memory used current: 139MB peak: 141MB)



Clock Summary
*****************

Start       Requested     Requested     Clock        Clock                   Clock
Clock       Frequency     Period        Type         Group                   Load 
----------------------------------------------------------------------------------
top|CLK     1.0 MHz       1000.000      inferred     Inferred_clkgroup_0     30   
==================================================================================

@W: MT529 :"c:\embedded\fpga projects\spi_slave\spi_slave.sv":52:1:52:9|Found inferred clock top|CLK which controls 30 sequential elements including spi.LED. This clock has no specified timing constraint which may prevent conversion of gated or generated clocks and may adversely impact design performance. 

Finished Pre Mapping Phase.

Starting constraint checker (Real Time elapsed 0h:00m:00s; CPU Time elapsed 0h:00m:00s; Memory used current: 139MB peak: 141MB)

None
None

Finished constraint checker (Real Time elapsed 0h:00m:00s; CPU Time elapsed 0h:00m:00s; Memory used current: 139MB peak: 141MB)

Pre-mapping successful!

At Mapper Exit (Real Time elapsed 0h:00m:00s; CPU Time elapsed 0h:00m:00s; Memory used current: 55MB peak: 141MB)

Process took 0h:00m:01s realtime, 0h:00m:01s cputime
# Mon May 29 02:50:09 2017

###########################################################]
# Mon May 29 02:50:09 2017

Synopsys Lattice Technology Mapper, Version maplat, Build 1682R, Built Mar 10 2017 10:47:08
Copyright (C) 1994-2017 Synopsys, Inc. This Synopsys software and all associated documentation are proprietary to Synopsys, Inc. and may only be used pursuant to the terms and conditions of a written license agreement with Synopsys, Inc. All other use, reproduction, modification, or distribution of the Synopsys software or the associated documentation is strictly prohibited.
Product Version L-2016.09L-1

Mapper Startup Complete (Real Time elapsed 0h:00m:00s; CPU Time elapsed 0h:00m:00s; Memory used current: 99MB peak: 99MB)

@N: MF248 |Running in 64-bit mode.
@N: MF666 |Clock conversion enabled. (Command "set_option -fix_gated_and_generated_clocks 1" in the project file.)

Design Input Complete (Real Time elapsed 0h:00m:00s; CPU Time elapsed 0h:00m:00s; Memory used current: 98MB peak: 100MB)


Mapper Initialization Complete (Real Time elapsed 0h:00m:00s; CPU Time elapsed 0h:00m:00s; Memory used current: 99MB peak: 100MB)


Start loading timing files (Real Time elapsed 0h:00m:00s; CPU Time elapsed 0h:00m:00s; Memory used current: 111MB peak: 112MB)


Finished loading timing files (Real Time elapsed 0h:00m:00s; CPU Time elapsed 0h:00m:00s; Memory used current: 111MB peak: 114MB)



Starting Optimization and Mapping (Real Time elapsed 0h:00m:00s; CPU Time elapsed 0h:00m:00s; Memory used current: 139MB peak: 141MB)

@N: MO111 :"c:\embedded\fpga projects\spi_slave\top.sv":11:8:11:10|Tristate driver LED_1 (in view: work.top(verilog)) on net LED[7] (in view: work.top(verilog)) has its enable tied to GND.
@N: MO111 :"c:\embedded\fpga projects\spi_slave\top.sv":11:8:11:10|Tristate driver LED_2 (in view: work.top(verilog)) on net LED[6] (in view: work.top(verilog)) has its enable tied to GND.
@N: MO111 :"c:\embedded\fpga projects\spi_slave\top.sv":11:8:11:10|Tristate driver LED_3 (in view: work.top(verilog)) on net LED[5] (in view: work.top(verilog)) has its enable tied to GND.
@N: MO111 :"c:\embedded\fpga projects\spi_slave\top.sv":11:8:11:10|Tristate driver LED_4 (in view: work.top(verilog)) on net LED[4] (in view: work.top(verilog)) has its enable tied to GND.
@N: MO111 :"c:\embedded\fpga projects\spi_slave\top.sv":11:8:11:10|Tristate driver LED_5 (in view: work.top(verilog)) on net LED[3] (in view: work.top(verilog)) has its enable tied to GND.
@N: MO111 :"c:\embedded\fpga projects\spi_slave\top.sv":11:8:11:10|Tristate driver LED_6 (in view: work.top(verilog)) on net LED[2] (in view: work.top(verilog)) has its enable tied to GND.
@N: MO111 :"c:\embedded\fpga projects\spi_slave\top.sv":11:8:11:10|Tristate driver LED_7 (in view: work.top(verilog)) on net LED[1] (in view: work.top(verilog)) has its enable tied to GND.

Available hyper_sources - for debug and ip models
	None Found


Finished RTL optimizations (Real Time elapsed 0h:00m:00s; CPU Time elapsed 0h:00m:00s; Memory used current: 139MB peak: 141MB)

@N: MO231 :"c:\embedded\fpga projects\spi_slave\spi_slave.sv":57:1:57:9|Found counter in view:work.SPI_Slave(verilog) instance cnt[7:0] 

Starting factoring (Real Time elapsed 0h:00m:00s; CPU Time elapsed 0h:00m:00s; Memory used current: 139MB peak: 141MB)


Finished factoring (Real Time elapsed 0h:00m:00s; CPU Time elapsed 0h:00m:00s; Memory used current: 139MB peak: 141MB)


Finished gated-clock and generated-clock conversion (Real Time elapsed 0h:00m:00s; CPU Time elapsed 0h:00m:00s; Memory used current: 139MB peak: 141MB)


Finished generic timing optimizations - Pass 1 (Real Time elapsed 0h:00m:00s; CPU Time elapsed 0h:00m:00s; Memory used current: 139MB peak: 141MB)


Starting Early Timing Optimization (Real Time elapsed 0h:00m:00s; CPU Time elapsed 0h:00m:00s; Memory used current: 140MB peak: 141MB)


Finished Early Timing Optimization (Real Time elapsed 0h:00m:00s; CPU Time elapsed 0h:00m:00s; Memory used current: 140MB peak: 141MB)


Finished generic timing optimizations - Pass 2 (Real Time elapsed 0h:00m:00s; CPU Time elapsed 0h:00m:00s; Memory used current: 139MB peak: 141MB)


Finished preparing to map (Real Time elapsed 0h:00m:00s; CPU Time elapsed 0h:00m:00s; Memory used current: 140MB peak: 141MB)


Finished technology mapping (Real Time elapsed 0h:00m:00s; CPU Time elapsed 0h:00m:00s; Memory used current: 139MB peak: 141MB)

Pass		 CPU time		Worst Slack		Luts / Registers
------------------------------------------------------------
   1		0h:00m:00s		   995.90ns		  19 /        30

Finished technology timing optimizations and critical path resynthesis (Real Time elapsed 0h:00m:00s; CPU Time elapsed 0h:00m:00s; Memory used current: 139MB peak: 141MB)

@N: FX164 |The option to pack registers in the IOB has not been specified. Please set syn_useioff attribute.  
@N: MO111 :"c:\embedded\fpga projects\spi_slave\top.sv":11:8:11:10|Tristate driver LED_obuft_1_.un1[0] (in view: work.top(verilog)) on net LED[1] (in view: work.top(verilog)) has its enable tied to GND.
@N: MO111 :"c:\embedded\fpga projects\spi_slave\top.sv":11:8:11:10|Tristate driver LED_obuft_2_.un1[0] (in view: work.top(verilog)) on net LED[2] (in view: work.top(verilog)) has its enable tied to GND.
@N: MO111 :"c:\embedded\fpga projects\spi_slave\top.sv":11:8:11:10|Tristate driver LED_obuft_3_.un1[0] (in view: work.top(verilog)) on net LED[3] (in view: work.top(verilog)) has its enable tied to GND.

Finished restoring hierarchy (Real Time elapsed 0h:00m:00s; CPU Time elapsed 0h:00m:00s; Memory used current: 139MB peak: 141MB)



@S |Clock Optimization Summary


#### START OF CLOCK OPTIMIZATION REPORT #####[

1 non-gated/non-generated clock tree(s) driving 30 clock pin(s) of sequential element(s)
0 gated/generated clock tree(s) driving 0 clock pin(s) of sequential element(s)
0 instances converted, 0 sequential instances remain driven by gated/generated clocks

=========================== Non-Gated/Non-Generated Clocks ============================
Clock Tree ID     Driving Element     Drive Element Type     Fanout     Sample Instance
---------------------------------------------------------------------------------------
@K:CKID0001       CLK                 port                   30         spi.MOSIreg[1] 
=======================================================================================


##### END OF CLOCK OPTIMIZATION REPORT ######]


Start Writing Netlists (Real Time elapsed 0h:00m:00s; CPU Time elapsed 0h:00m:00s; Memory used current: 106MB peak: 141MB)

Writing Analyst data base C:\embedded\FPGA projects\spi_slave\default_impl\synwork\spi_slave_default_impl_m.srm

Finished Writing Netlist Databases (Real Time elapsed 0h:00m:00s; CPU Time elapsed 0h:00m:00s; Memory used current: 138MB peak: 141MB)

Writing EDIF Netlist and constraint files
@N: FX1056 |Writing EDF file: C:\embedded\FPGA projects\spi_slave\default_impl\spi_slave_default_impl.edi
L-2016.09L-1
@N: BW106 |Synplicity Constraint File capacitance units using default value of 1pF 

Finished Writing EDIF Netlist and constraint files (Real Time elapsed 0h:00m:00s; CPU Time elapsed 0h:00m:00s; Memory used current: 142MB peak: 144MB)


Start final timing analysis (Real Time elapsed 0h:00m:00s; CPU Time elapsed 0h:00m:00s; Memory used current: 143MB peak: 144MB)

@W: MT420 |Found inferred clock top|CLK with period 1000.00ns. Please declare a user-defined clock on object "p:CLK"


##### START OF TIMING REPORT #####[
# Timing Report written on Mon May 29 02:50:10 2017
#


Top view:               top
Requested Frequency:    1.0 MHz
Wire load mode:         top
Paths requested:        5
Constraint File(s):    
@N: MT320 |This timing report is an estimate of place and route data. For final timing results, use the FPGA vendor place and route report.

@N: MT322 |Clock constraints include only register-to-register paths associated with each individual clock.



Performance Summary
*******************


Worst slack in design: 995.329

                   Requested     Estimated     Requested     Estimated                 Clock        Clock              
Starting Clock     Frequency     Frequency     Period        Period        Slack       Type         Group              
-----------------------------------------------------------------------------------------------------------------------
top|CLK            1.0 MHz       214.1 MHz     1000.000      4.671         995.329     inferred     Inferred_clkgroup_0
=======================================================================================================================





Clock Relationships
*******************

Clocks             |    rise  to  rise     |    fall  to  fall   |    rise  to  fall   |    fall  to  rise 
-----------------------------------------------------------------------------------------------------------
Starting  Ending   |  constraint  slack    |  constraint  slack  |  constraint  slack  |  constraint  slack
-----------------------------------------------------------------------------------------------------------
top|CLK   top|CLK  |  1000.000    995.329  |  No paths    -      |  No paths    -      |  No paths    -    
===========================================================================================================
 Note: 'No paths' indicates there are no paths in the design for that pair of clock edges.
       'Diff grp' indicates that paths exist but the starting clock and ending clock are in different clock groups.



Interface Information 
*********************

No IO constraint found



====================================
Detailed Report for Clock: top|CLK
====================================



Starting Points with Worst Slack
********************************

                   Starting                                         Arrival            
Instance           Reference     Type        Pin     Net            Time        Slack  
                   Clock                                                               
---------------------------------------------------------------------------------------
spi.cnt[0]         top|CLK       FD1P3AX     Q       cnt[0]         1.044       995.329
spi.cnt[1]         top|CLK       FD1P3AX     Q       cnt[1]         1.044       995.471
spi.cnt[2]         top|CLK       FD1P3AX     Q       cnt[2]         1.044       995.471
spi.cnt[3]         top|CLK       FD1P3AX     Q       cnt[3]         1.044       995.614
spi.cnt[4]         top|CLK       FD1P3AX     Q       cnt[4]         1.044       995.614
spi.cnt[5]         top|CLK       FD1P3AX     Q       cnt[5]         1.044       995.757
spi.cnt[6]         top|CLK       FD1P3AX     Q       cnt[6]         1.044       995.757
spi.SCKreg[1]      top|CLK       FD1S3AX     Q       SCKreg[1]      1.188       996.304
spi.SCKreg[2]      top|CLK       FD1S3AX     Q       SCKreg[2]      1.180       996.312
spi.SSELreg[2]     top|CLK       FD1S3AX     Q       SSELreg[2]     1.236       996.961
=======================================================================================


Ending Points with Worst Slack
******************************

                            Starting                                                       Required            
Instance                    Reference     Type         Pin     Net                         Time         Slack  
                            Clock                                                                              
---------------------------------------------------------------------------------------------------------------
spi.cnt[7]                  top|CLK       FD1P3AX      D       cnt_s[7]                    999.894      995.329
spi.cnt[5]                  top|CLK       FD1P3AX      D       cnt_s[5]                    999.894      995.471
spi.cnt[6]                  top|CLK       FD1P3AX      D       cnt_s[6]                    999.894      995.471
spi.cnt[3]                  top|CLK       FD1P3AX      D       cnt_s[3]                    999.894      995.614
spi.cnt[4]                  top|CLK       FD1P3AX      D       cnt_s[4]                    999.894      995.614
spi.cnt[1]                  top|CLK       FD1P3AX      D       cnt_s[1]                    999.894      995.757
spi.cnt[2]                  top|CLK       FD1P3AX      D       cnt_s[2]                    999.894      995.757
spi.byte_received           top|CLK       FD1S3IX      CD      byte_receivedc_i            999.197      996.304
spi_byte_data_sentio[7]     top|CLK       OFS1P3DX     D       spi.byte_data_sent_6[7]     999.894      996.961
spi.byte_data_sent[1]       top|CLK       FD1P3AX      D       byte_data_sent_6[1]         1000.089     996.987
===============================================================================================================



Worst Path Information
***********************


Path information for path number 1: 
      Requested Period:                      1000.000
    - Setup time:                            0.106
    + Clock delay at ending point:           0.000 (ideal)
    = Required time:                         999.894

    - Propagation time:                      4.566
    - Clock delay at starting point:         0.000 (ideal)
    = Slack (critical) :                     995.329

    Number of logic level(s):                5
    Starting point:                          spi.cnt[0] / Q
    Ending point:                            spi.cnt[7] / D
    The start point is clocked by            top|CLK [rising] on pin CK
    The end   point is clocked by            top|CLK [rising] on pin CK

Instance / Net                   Pin      Pin               Arrival     No. of    
Name                 Type        Name     Dir     Delay     Time        Fan Out(s)
----------------------------------------------------------------------------------
spi.cnt[0]           FD1P3AX     Q        Out     1.044     1.044       -         
cnt[0]               Net         -        -       -         -           2         
spi.cnt_cry_0[0]     CCU2D       A1       In      0.000     1.044       -         
spi.cnt_cry_0[0]     CCU2D       COUT     Out     1.545     2.588       -         
cnt_cry[0]           Net         -        -       -         -           1         
spi.cnt_cry_0[1]     CCU2D       CIN      In      0.000     2.588       -         
spi.cnt_cry_0[1]     CCU2D       COUT     Out     0.143     2.731       -         
cnt_cry[2]           Net         -        -       -         -           1         
spi.cnt_cry_0[3]     CCU2D       CIN      In      0.000     2.731       -         
spi.cnt_cry_0[3]     CCU2D       COUT     Out     0.143     2.874       -         
cnt_cry[4]           Net         -        -       -         -           1         
spi.cnt_cry_0[5]     CCU2D       CIN      In      0.000     2.874       -         
spi.cnt_cry_0[5]     CCU2D       COUT     Out     0.143     3.017       -         
cnt_cry[6]           Net         -        -       -         -           1         
spi.cnt_s_0[7]       CCU2D       CIN      In      0.000     3.017       -         
spi.cnt_s_0[7]       CCU2D       S0       Out     1.549     4.566       -         
cnt_s[7]             Net         -        -       -         -           1         
spi.cnt[7]           FD1P3AX     D        In      0.000     4.566       -         
==================================================================================



##### END OF TIMING REPORT #####]

Timing exceptions that could not be applied
None

Finished final timing analysis (Real Time elapsed 0h:00m:00s; CPU Time elapsed 0h:00m:00s; Memory used current: 144MB peak: 144MB)


Finished timing report (Real Time elapsed 0h:00m:00s; CPU Time elapsed 0h:00m:00s; Memory used current: 144MB peak: 144MB)

---------------------------------------
Resource Usage Report
Part: lcmxo2_7000he-5

Register bits: 30 of 6864 (0%)
PIC Latch:       0
I/O cells:       14


Details:
CCU2D:          5
FD1P3AX:        16
FD1S3AX:        5
FD1S3IX:        4
GSR:            1
IB:             4
IFS1P3DX:       3
INV:            1
OB:             3
OBZ:            7
OFS1P3BX:       1
OFS1P3DX:       1
ORCALUT4:       17
PUR:            1
VHI:            2
VLO:            2
Mapper successful!

At Mapper Exit (Real Time elapsed 0h:00m:00s; CPU Time elapsed 0h:00m:00s; Memory used current: 31MB peak: 144MB)

Process took 0h:00m:01s realtime, 0h:00m:01s cputime
# Mon May 29 02:50:10 2017

###########################################################]


Synthesis exit by 0.

edif2ngd  -l "MachXO2" -d LCMXO2-7000HE -path "C:/embedded/FPGA projects/spi_slave/default_impl" -path "C:/embedded/FPGA projects/spi_slave"   "C:/embedded/FPGA projects/spi_slave/default_impl/spi_slave_default_impl.edi" "spi_slave_default_impl.ngo"   
edif2ngd:  version Diamond (64-bit) 3.9.1.119

Copyright (c) 1991-1994 by NeoCAD Inc. All rights reserved.
Copyright (c) 1995 AT&T Corp.   All rights reserved.
Copyright (c) 1995-2001 Lucent Technologies Inc.  All rights reserved.
Copyright (c) 2001 Agere Systems   All rights reserved.
Copyright (c) 2002-2017 Lattice Semiconductor Corporation,  All rights reserved.
Writing the design to spi_slave_default_impl.ngo...

Total CPU Time: 0 secs  

Total REAL Time: 0 secs  


ngdbuild  -a "MachXO2" -d LCMXO2-7000HE  -p "F:/Program Files/lscc/diamond/3.9_x64/ispfpga/xo2c00/data"  -p "C:/embedded/FPGA projects/spi_slave/default_impl" -p "C:/embedded/FPGA projects/spi_slave"  "spi_slave_default_impl.ngo" "spi_slave_default_impl.ngd"  	
ngdbuild:  version Diamond (64-bit) 3.9.1.119

Copyright (c) 1991-1994 by NeoCAD Inc. All rights reserved.
Copyright (c) 1995 AT&T Corp.   All rights reserved.
Copyright (c) 1995-2001 Lucent Technologies Inc.  All rights reserved.
Copyright (c) 2001 Agere Systems   All rights reserved.
Copyright (c) 2002-2017 Lattice Semiconductor Corporation,  All rights reserved.
Reading 'spi_slave_default_impl.ngo' ...
Loading NGL library 'F:/Program Files/lscc/diamond/3.9_x64/ispfpga/xo2c00a/data/xo2alib.ngl'...
Loading NGL library 'F:/Program Files/lscc/diamond/3.9_x64/ispfpga/xo2c00/data/xo2clib.ngl'...
Loading NGL library 'F:/Program Files/lscc/diamond/3.9_x64/ispfpga/mg5g00/data/mg5glib.ngl'...
Loading NGL library 'F:/Program Files/lscc/diamond/3.9_x64/ispfpga/or5g00/data/orc5glib.ngl'...


Running DRC...

    <postMsg mid="1166052" type="Warning" dynamic="2" navigation="1" arg0="logical" arg1="spi/cnt_s_0_COUT[7]" arg2="spi/cnt_s_0_COUT[7]"  />
    <postMsg mid="1166052" type="Warning" dynamic="2" navigation="1" arg0="logical" arg1="spi/cnt_s_0_S1[7]" arg2="spi/cnt_s_0_S1[7]"  />
    <postMsg mid="1166052" type="Warning" dynamic="2" navigation="1" arg0="logical" arg1="spi/cnt_cry_0_S0[0]" arg2="spi/cnt_cry_0_S0[0]"  />
    <postMsg mid="1163101" type="Warning" dynamic="1" navigation="0" arg0="3"  />

Design Results:
     72 blocks expanded
Complete the first expansion.
Writing 'spi_slave_default_impl.ngd' ...
Total CPU Time: 0 secs  

Total REAL Time: 0 secs  


map -a "MachXO2" -p LCMXO2-7000HE -t TQFP144 -s 5 -oc Commercial   "spi_slave_default_impl.ngd" -o "spi_slave_default_impl_map.ncd" -pr "spi_slave_default_impl.prf" -mp "spi_slave_default_impl.mrp" -lpf "C:/embedded/FPGA projects/spi_slave/default_impl/spi_slave_default_impl_synplify.lpf" -lpf "C:/embedded/FPGA projects/spi_slave/spi_slave.lpf" -c 0            
map:  version Diamond (64-bit) 3.9.1.119

Copyright (c) 1991-1994 by NeoCAD Inc. All rights reserved.
Copyright (c) 1995 AT&T Corp.   All rights reserved.
Copyright (c) 1995-2001 Lucent Technologies Inc.  All rights reserved.
Copyright (c) 2001 Agere Systems   All rights reserved.
Copyright (c) 2002-2017 Lattice Semiconductor Corporation,  All rights reserved.
   Process the file: spi_slave_default_impl.ngd
   Picdevice="LCMXO2-7000HE"

   Pictype="TQFP144"

   Picspeed=5

   Remove unused logic

   Do not produce over sized NCDs.

Part used: LCMXO2-7000HETQFP144, Performance used: 5.

Loading device for application map from file 'xo2c7000.nph' in environment: F:/Program Files/lscc/diamond/3.9_x64/ispfpga.
Package Status:                     Final          Version 1.39.

Running general design DRC...

Removing unused logic...

Optimizing...

1 CCU2 constant inputs absorbed.




Design Summary:
   Number of registers:     30 out of  7209 (0%)
      PFU registers:           25 out of  6864 (0%)
      PIO registers:            5 out of   345 (1%)
   Number of SLICEs:        16 out of  3432 (0%)
      SLICEs as Logic/ROM:     16 out of  3432 (0%)
      SLICEs as RAM:            0 out of  2574 (0%)
      SLICEs as Carry:          5 out of  3432 (0%)
   Number of LUT4s:         30 out of  6864 (0%)
      Number used as logic LUTs:         20
      Number used as distributed RAM:     0
      Number used as ripple logic:       10
      Number used as shift registers:     0
   Number of PIO sites used: 14 + 4(JTAG) out of 115 (16%)
   Number of block RAMs:  0 out of 26 (0%)
   Number of GSRs:  0 out of 1 (0%)
   EFB used :       No
   JTAG used :      No
   Readback used :  No
   Oscillator used :  No
   Startup used :   No
   POR :            On
   Bandgap :        On
   Number of Power Controller:  0 out of 1 (0%)
   Number of Dynamic Bank Controller (BCINRD):  0 out of 6 (0%)
   Number of Dynamic Bank Controller (BCLVDSO):  0 out of 1 (0%)
   Number of DCCA:  0 out of 8 (0%)
   Number of DCMA:  0 out of 2 (0%)
   Number of PLLs:  0 out of 2 (0%)
   Number of DQSDLLs:  0 out of 2 (0%)
   Number of CLKDIVC:  0 out of 4 (0%)
   Number of ECLKSYNCA:  0 out of 4 (0%)
   Number of ECLKBRIDGECS:  0 out of 2 (0%)
   Notes:-
      1. Total number of LUT4s = (Number of logic LUT4s) + 2*(Number of distributed RAMs) + 2*(Number of ripple logic)
      2. Number of logic LUT4s does not include count of distributed RAM and ripple logic.
   Number of clocks:  1
     Net CLK_c: 21 loads, 21 rising, 0 falling (Driver: PIO CLK )
   Number of Clock Enables:  4
     Net spi.un1_SSELreg_2_i: 5 loads, 4 LSLICEs
     Net spi.byte_received: 1 loads, 0 LSLICEs
     Net spi/bit_count8dup: 1 loads, 1 LSLICEs
     Net spi/SSEL_start_msg: 5 loads, 5 LSLICEs
   Number of LSRs:  2
     Net spi/SSELreg[1]: 2 loads, 2 LSLICEs
     Net spi/byte_receivedc_i: 1 loads, 1 LSLICEs
   Number of nets driven by tri-state buffers:  0
   Top 10 highest fanout non-clock nets:
     Net spi/SSELreg[2]: 11 loads
     Net spi/byte_data_sent_6_sn_N_2: 7 loads
     Net spi/SSELreg[1]: 7 loads
     Net spi/SCKreg[1]: 6 loads
     Net spi.un1_SSELreg_2_i: 5 loads
     Net spi/bit_count[0]: 5 loads
     Net spi/SCKreg[2]: 5 loads
     Net spi/SSEL_start_msg: 5 loads
     Net spi/bit_count[1]: 4 loads
     Net spi/bit_count[2]: 3 loads
 

   Number of warnings:  0
   Number of errors:    0



Total CPU Time: 0 secs  
Total REAL Time: 0 secs  
Peak Memory Usage: 57 MB

Dumping design to file spi_slave_default_impl_map.ncd.

trce -f "spi_slave_default_impl.mt" -o "spi_slave_default_impl.tw1" "spi_slave_default_impl_map.ncd" "spi_slave_default_impl.prf"
trce:  version Diamond (64-bit) 3.9.1.119

Copyright (c) 1991-1994 by NeoCAD Inc. All rights reserved.
Copyright (c) 1995 AT&T Corp.   All rights reserved.
Copyright (c) 1995-2001 Lucent Technologies Inc.  All rights reserved.
Copyright (c) 2001 Agere Systems   All rights reserved.
Copyright (c) 2002-2017 Lattice Semiconductor Corporation,  All rights reserved.

Loading design for application trce from file spi_slave_default_impl_map.ncd.
Design name: top
NCD version: 3.3
Vendor:      LATTICE
Device:      LCMXO2-7000HE
Package:     TQFP144
Performance: 5
Loading device for application trce from file 'xo2c7000.nph' in environment: F:/Program Files/lscc/diamond/3.9_x64/ispfpga.
Package Status:                     Final          Version 1.39.
Performance Hardware Data Status:   Final          Version 34.4.
Setup and Hold Report

--------------------------------------------------------------------------------
Lattice TRACE Report - Setup, Version Diamond (64-bit) 3.9.1.119
Mon May 29 02:50:12 2017

Copyright (c) 1991-1994 by NeoCAD Inc. All rights reserved.
Copyright (c) 1995 AT&T Corp.   All rights reserved.
Copyright (c) 1995-2001 Lucent Technologies Inc.  All rights reserved.
Copyright (c) 2001 Agere Systems   All rights reserved.
Copyright (c) 2002-2017 Lattice Semiconductor Corporation,  All rights reserved.

Report Information
------------------
Command line:    trce -v 1 -gt -mapchkpnt 0 -sethld -o spi_slave_default_impl.tw1 -gui -msgset C:/embedded/FPGA projects/spi_slave/promote.xml spi_slave_default_impl_map.ncd spi_slave_default_impl.prf 
Design file:     spi_slave_default_impl_map.ncd
Preference file: spi_slave_default_impl.prf
Device,speed:    LCMXO2-7000HE,5
Report level:    verbose report, limited to 1 item per preference
--------------------------------------------------------------------------------

BLOCK ASYNCPATHS
BLOCK RESETPATHS
--------------------------------------------------------------------------------



Timing summary (Setup):
---------------

Timing errors: 0  Score: 0
Cumulative negative slack: 0

Constraints cover 148 paths, 1 nets, and 144 connections (96.64% coverage)

--------------------------------------------------------------------------------
Lattice TRACE Report - Hold, Version Diamond (64-bit) 3.9.1.119
Mon May 29 02:50:12 2017

Copyright (c) 1991-1994 by NeoCAD Inc. All rights reserved.
Copyright (c) 1995 AT&T Corp.   All rights reserved.
Copyright (c) 1995-2001 Lucent Technologies Inc.  All rights reserved.
Copyright (c) 2001 Agere Systems   All rights reserved.
Copyright (c) 2002-2017 Lattice Semiconductor Corporation,  All rights reserved.

Report Information
------------------
Command line:    trce -v 1 -gt -mapchkpnt 0 -sethld -o spi_slave_default_impl.tw1 -gui -msgset C:/embedded/FPGA projects/spi_slave/promote.xml spi_slave_default_impl_map.ncd spi_slave_default_impl.prf 
Design file:     spi_slave_default_impl_map.ncd
Preference file: spi_slave_default_impl.prf
Device,speed:    LCMXO2-7000HE,M
Report level:    verbose report, limited to 1 item per preference
--------------------------------------------------------------------------------

BLOCK ASYNCPATHS
BLOCK RESETPATHS
--------------------------------------------------------------------------------



Timing summary (Hold):
---------------

Timing errors: 0  Score: 0
Cumulative negative slack: 0

Constraints cover 148 paths, 1 nets, and 144 connections (96.64% coverage)



Timing summary (Setup and Hold):
---------------

Timing errors: 0 (setup), 0 (hold)
Score: 0 (setup), 0 (hold)
Cumulative negative slack: 0 (0+0)
--------------------------------------------------------------------------------

--------------------------------------------------------------------------------

Total time: 0 secs 

mpartrce -p "spi_slave_default_impl.p2t" -f "spi_slave_default_impl.p3t" -tf "spi_slave_default_impl.pt" "spi_slave_default_impl_map.ncd" "spi_slave_default_impl.ncd"

---- MParTrce Tool ----
Removing old design directory at request of -rem command line option to this program.
Running par. Please wait . . .

Lattice Place and Route Report for Design "spi_slave_default_impl_map.ncd"
Mon May 29 02:50:12 2017

PAR: Place And Route Diamond (64-bit) 3.9.1.119.
Command Line: par -w -l 5 -i 6 -t 1 -c 0 -e 0 -gui -msgset "C:/embedded/FPGA projects/spi_slave/promote.xml" -exp parUseNBR=1:parCDP=0:parCDR=0:parPathBased=OFF spi_slave_default_impl_map.ncd spi_slave_default_impl.dir/5_1.ncd spi_slave_default_impl.prf
Preference file: spi_slave_default_impl.prf.
Placement level-cost: 5-1.
Routing Iterations: 6

Loading design for application par from file spi_slave_default_impl_map.ncd.
Design name: top
NCD version: 3.3
Vendor:      LATTICE
Device:      LCMXO2-7000HE
Package:     TQFP144
Performance: 5
Loading device for application par from file 'xo2c7000.nph' in environment: F:/Program Files/lscc/diamond/3.9_x64/ispfpga.
Package Status:                     Final          Version 1.39.
Performance Hardware Data Status:   Final          Version 34.4.
License checked out.


Ignore Preference Error(s):  True
Device utilization summary:

   PIO (prelim)   14+4(JTAG)/336     5% used
                  14+4(JTAG)/115     16% bonded
   IOLOGIC            5/336           1% used

   SLICE             16/3432         <1% used



Number of Signals: 66
Number of Connections: 149

Pin Constraint Summary:
   14 out of 14 pins locked (100% locked).

The following 1 signal is selected to use the primary clock routing resources:
    CLK_c (driver: CLK, clk load #: 21)


No signal is selected as secondary clock.

No signal is selected as Global Set/Reset.
Starting Placer Phase 0.

Finished Placer Phase 0.  REAL time: 0 secs 

Starting Placer Phase 1.
............
Placer score = 7656.
Finished Placer Phase 1.  REAL time: 0 secs 

Starting Placer Phase 2.
.
Placer score =  7014
Finished Placer Phase 2.  REAL time: 0 secs 


------------------ Clock Report ------------------

Global Clock Resources:
  CLK_PIN    : 1 out of 8 (12%)
  PLL        : 0 out of 2 (0%)
  DCM        : 0 out of 2 (0%)
  DCC        : 0 out of 8 (0%)

Quadrants All (TL, TR, BL, BR) - Global Clocks:
  PRIMARY "CLK_c" from comp "CLK" on CLK_PIN site "27 (PL22A)", clk load = 21

  PRIMARY  : 1 out of 8 (12%)
  SECONDARY: 0 out of 8 (0%)

Edge Clocks:
  No edge clock selected.

--------------- End of Clock Report ---------------


I/O Usage Summary (final):
   14 + 4(JTAG) out of 336 (5.4%) PIO sites used.
   14 + 4(JTAG) out of 115 (15.7%) bonded PIO sites used.
   Number of PIO comps: 14; differential: 0.
   Number of Vref pins used: 0.

I/O Bank Usage Summary:
+----------+----------------+------------+-----------+
| I/O Bank | Usage          | Bank Vccio | Bank Vref |
+----------+----------------+------------+-----------+
| 0        | 0 / 28 (  0%)  | -          | -         |
| 1        | 12 / 29 ( 41%) | 3.3V       | -         |
| 2        | 0 / 29 (  0%)  | -          | -         |
| 3        | 2 / 9 ( 22%)   | 3.3V       | -         |
| 4        | 0 / 10 (  0%)  | -          | -         |
| 5        | 0 / 10 (  0%)  | -          | -         |
+----------+----------------+------------+-----------+

Total placer CPU time: 1 secs 

Dumping design to file spi_slave_default_impl.dir/5_1.ncd.

0 connections routed; 149 unrouted.
Starting router resource preassignment

Completed router resource preassignment. Real time: 2 secs 

Start NBR router at 02:50:14 05/29/17

*****************************************************************
Info: NBR allows conflicts(one node used by more than one signal)
      in the earlier iterations. In each iteration, it tries to  
      solve the conflicts while keeping the critical connections 
      routed as short as possible. The routing process is said to
      be completed when no conflicts exist and all connections   
      are routed.                                                
Note: NBR uses a different method to calculate timing slacks. The
      worst slack and total negative slack may not be the same as
      that in TRCE report. You should always run TRCE to verify  
      your design.                                               
*****************************************************************

Start NBR special constraint process at 02:50:14 05/29/17

Start NBR section for initial routing at 02:50:14 05/29/17
Level 4, iteration 1
4(0.00%) conflicts; 0(0.00%) untouched conn; 0 (nbr) score; 
Estimated worst slack/total negative slack<setup>: 16.383ns/0.000ns; real time: 2 secs 

Info: Initial congestion level at 75% usage is 0
Info: Initial congestion area  at 75% usage is 0 (0.00%)

Start NBR section for normal routing at 02:50:14 05/29/17
Level 4, iteration 1
4(0.00%) conflicts; 0(0.00%) untouched conn; 0 (nbr) score; 
Estimated worst slack/total negative slack<setup>: 16.383ns/0.000ns; real time: 2 secs 
Level 4, iteration 2
0(0.00%) conflict; 0(0.00%) untouched conn; 0 (nbr) score; 
Estimated worst slack/total negative slack<setup>: 16.383ns/0.000ns; real time: 2 secs 

Start NBR section for setup/hold timing optimization with effort level 3 at 02:50:14 05/29/17

Start NBR section for re-routing at 02:50:14 05/29/17
Level 4, iteration 1
0(0.00%) conflict; 0(0.00%) untouched conn; 0 (nbr) score; 
Estimated worst slack/total negative slack<setup>: 16.383ns/0.000ns; real time: 2 secs 

Start NBR section for post-routing at 02:50:14 05/29/17

End NBR router with 0 unrouted connection

NBR Summary
-----------
  Number of unrouted connections : 0 (0.00%)
  Number of connections with timing violations : 0 (0.00%)
  Estimated worst slack<setup> : 16.383ns
  Timing score<setup> : 0
-----------
Notes: The timing info is calculated for SETUP only and all PAR_ADJs are ignored.



Total CPU time 2 secs 
Total REAL time: 2 secs 
Completely routed.
End of route.  149 routed (100.00%); 0 unrouted.

Hold time timing score: 0, hold timing errors: 0

Timing score: 0 

Dumping design to file spi_slave_default_impl.dir/5_1.ncd.


PAR_SUMMARY::Run status = completed
PAR_SUMMARY::Number of unrouted conns = 0
PAR_SUMMARY::Worst  slack<setup/<ns>> = 16.383
PAR_SUMMARY::Timing score<setup/<ns>> = 0.000
PAR_SUMMARY::Worst  slack<hold /<ns>> = 0.304
PAR_SUMMARY::Timing score<hold /<ns>> = 0.000
PAR_SUMMARY::Number of errors = 0

Total CPU  time to completion: 2 secs 
Total REAL time to completion: 2 secs 

par done!

Copyright (c) 1991-1994 by NeoCAD Inc. All rights reserved.
Copyright (c) 1995 AT&T Corp.   All rights reserved.
Copyright (c) 1995-2001 Lucent Technologies Inc.  All rights reserved.
Copyright (c) 2001 Agere Systems   All rights reserved.
Copyright (c) 2002-2017 Lattice Semiconductor Corporation,  All rights reserved.
Exiting par with exit code 0
Exiting mpartrce with exit code 0

trce -f "spi_slave_default_impl.pt" -o "spi_slave_default_impl.twr" "spi_slave_default_impl.ncd" "spi_slave_default_impl.prf"
trce:  version Diamond (64-bit) 3.9.1.119

Copyright (c) 1991-1994 by NeoCAD Inc. All rights reserved.
Copyright (c) 1995 AT&T Corp.   All rights reserved.
Copyright (c) 1995-2001 Lucent Technologies Inc.  All rights reserved.
Copyright (c) 2001 Agere Systems   All rights reserved.
Copyright (c) 2002-2017 Lattice Semiconductor Corporation,  All rights reserved.

Loading design for application trce from file spi_slave_default_impl.ncd.
Design name: top
NCD version: 3.3
Vendor:      LATTICE
Device:      LCMXO2-7000HE
Package:     TQFP144
Performance: 5
Loading device for application trce from file 'xo2c7000.nph' in environment: F:/Program Files/lscc/diamond/3.9_x64/ispfpga.
Package Status:                     Final          Version 1.39.
Performance Hardware Data Status:   Final          Version 34.4.
Setup and Hold Report

--------------------------------------------------------------------------------
Lattice TRACE Report - Setup, Version Diamond (64-bit) 3.9.1.119
Mon May 29 02:50:15 2017

Copyright (c) 1991-1994 by NeoCAD Inc. All rights reserved.
Copyright (c) 1995 AT&T Corp.   All rights reserved.
Copyright (c) 1995-2001 Lucent Technologies Inc.  All rights reserved.
Copyright (c) 2001 Agere Systems   All rights reserved.
Copyright (c) 2002-2017 Lattice Semiconductor Corporation,  All rights reserved.

Report Information
------------------
Command line:    trce -v 10 -gt -sethld -sp 5 -sphld m -o spi_slave_default_impl.twr -gui -msgset C:/embedded/FPGA projects/spi_slave/promote.xml spi_slave_default_impl.ncd spi_slave_default_impl.prf 
Design file:     spi_slave_default_impl.ncd
Preference file: spi_slave_default_impl.prf
Device,speed:    LCMXO2-7000HE,5
Report level:    verbose report, limited to 10 items per preference
--------------------------------------------------------------------------------

BLOCK ASYNCPATHS
BLOCK RESETPATHS
--------------------------------------------------------------------------------



Timing summary (Setup):
---------------

Timing errors: 0  Score: 0
Cumulative negative slack: 0

Constraints cover 148 paths, 1 nets, and 144 connections (96.64% coverage)

--------------------------------------------------------------------------------
Lattice TRACE Report - Hold, Version Diamond (64-bit) 3.9.1.119
Mon May 29 02:50:15 2017

Copyright (c) 1991-1994 by NeoCAD Inc. All rights reserved.
Copyright (c) 1995 AT&T Corp.   All rights reserved.
Copyright (c) 1995-2001 Lucent Technologies Inc.  All rights reserved.
Copyright (c) 2001 Agere Systems   All rights reserved.
Copyright (c) 2002-2017 Lattice Semiconductor Corporation,  All rights reserved.

Report Information
------------------
Command line:    trce -v 10 -gt -sethld -sp 5 -sphld m -o spi_slave_default_impl.twr -gui -msgset C:/embedded/FPGA projects/spi_slave/promote.xml spi_slave_default_impl.ncd spi_slave_default_impl.prf 
Design file:     spi_slave_default_impl.ncd
Preference file: spi_slave_default_impl.prf
Device,speed:    LCMXO2-7000HE,m
Report level:    verbose report, limited to 10 items per preference
--------------------------------------------------------------------------------

BLOCK ASYNCPATHS
BLOCK RESETPATHS
--------------------------------------------------------------------------------



Timing summary (Hold):
---------------

Timing errors: 0  Score: 0
Cumulative negative slack: 0

Constraints cover 148 paths, 1 nets, and 144 connections (96.64% coverage)



Timing summary (Setup and Hold):
---------------

Timing errors: 0 (setup), 0 (hold)
Score: 0 (setup), 0 (hold)
Cumulative negative slack: 0 (0+0)
--------------------------------------------------------------------------------

--------------------------------------------------------------------------------

Total time: 0 secs 

iotiming  "spi_slave_default_impl.ncd" "spi_slave_default_impl.prf"
I/O Timing Report:
:  version Diamond (64-bit) 3.9.1.119

Copyright (c) 1991-1994 by NeoCAD Inc. All rights reserved.
Copyright (c) 1995 AT&T Corp.   All rights reserved.
Copyright (c) 1995-2001 Lucent Technologies Inc.  All rights reserved.
Copyright (c) 2001 Agere Systems   All rights reserved.
Copyright (c) 2002-2017 Lattice Semiconductor Corporation,  All rights reserved.

Loading design for application iotiming from file spi_slave_default_impl.ncd.
Design name: top
NCD version: 3.3
Vendor:      LATTICE
Device:      LCMXO2-7000HE
Package:     TQFP144
Performance: 5
Loading device for application iotiming from file 'xo2c7000.nph' in environment: F:/Program Files/lscc/diamond/3.9_x64/ispfpga.
Package Status:                     Final          Version 1.39.
Performance Hardware Data Status:   Final          Version 34.4.
Running Performance Grade: 5
Computing Setup Time ...
Computing Max Clock to Output Delay ...
Computing Hold Time ...
Computing Min Clock to Output Delay ...

Loading design for application iotiming from file spi_slave_default_impl.ncd.
Design name: top
NCD version: 3.3
Vendor:      LATTICE
Device:      LCMXO2-7000HE
Package:     TQFP144
Performance: 6
Package Status:                     Final          Version 1.39.
Performance Hardware Data Status:   Final          Version 34.4.
Running Performance Grade: 6
Computing Setup Time ...
Computing Max Clock to Output Delay ...
Computing Hold Time ...
Computing Min Clock to Output Delay ...

Loading design for application iotiming from file spi_slave_default_impl.ncd.
Design name: top
NCD version: 3.3
Vendor:      LATTICE
Device:      LCMXO2-7000HE
Package:     TQFP144
Performance: M
Package Status:                     Final          Version 1.39.
Performance Hardware Data Status:   Final          Version 34.4.
Running Performance Grade: M
Computing Setup Time ...
Computing Max Clock to Output Delay ...
Computing Hold Time ...
Computing Min Clock to Output Delay ...
Done.

bitgen -f "spi_slave_default_impl.t2b" -w "spi_slave_default_impl.ncd" -jedec "spi_slave_default_impl.prf"


BITGEN: Bitstream Generator Diamond (64-bit) 3.9.1.119
Copyright (c) 1991-1994 by NeoCAD Inc. All rights reserved.
Copyright (c) 1995 AT&T Corp.   All rights reserved.
Copyright (c) 1995-2001 Lucent Technologies Inc.  All rights reserved.
Copyright (c) 2001 Agere Systems   All rights reserved.
Copyright (c) 2002-2017 Lattice Semiconductor Corporation,  All rights reserved.


Loading design for application Bitgen from file spi_slave_default_impl.ncd.
Design name: top
NCD version: 3.3
Vendor:      LATTICE
Device:      LCMXO2-7000HE
Package:     TQFP144
Performance: 5
Loading device for application Bitgen from file 'xo2c7000.nph' in environment: F:/Program Files/lscc/diamond/3.9_x64/ispfpga.
Package Status:                     Final          Version 1.39.
Performance Hardware Data Status:   Final          Version 34.4.

Running DRC.
DRC detected 0 errors and 0 warnings.
Reading Preference File from spi_slave_default_impl.prf.

Preference Summary:
+---------------------------------+---------------------------------+
|  Preference                     |  Current Setting                |
+---------------------------------+---------------------------------+
|                         RamCfg  |                        Reset**  |
+---------------------------------+---------------------------------+
|                     MCCLK_FREQ  |                         2.08**  |
+---------------------------------+---------------------------------+
|                  CONFIG_SECURE  |                          OFF**  |
+---------------------------------+---------------------------------+
|                          INBUF  |                           ON**  |
+---------------------------------+---------------------------------+
|                      JTAG_PORT  |                       ENABLE**  |
+---------------------------------+---------------------------------+
|                       SDM_PORT  |                      DISABLE**  |
+---------------------------------+---------------------------------+
|                 SLAVE_SPI_PORT  |                      DISABLE**  |
+---------------------------------+---------------------------------+
|                MASTER_SPI_PORT  |                      DISABLE**  |
+---------------------------------+---------------------------------+
|                       I2C_PORT  |                      DISABLE**  |
+---------------------------------+---------------------------------+
|        MUX_CONFIGURATION_PORTS  |                      DISABLE**  |
+---------------------------------+---------------------------------+
|                  CONFIGURATION  |                          CFG**  |
+---------------------------------+---------------------------------+
|                COMPRESS_CONFIG  |                           ON**  |
+---------------------------------+---------------------------------+
|                        MY_ASSP  |                          OFF**  |
+---------------------------------+---------------------------------+
|               ONE_TIME_PROGRAM  |                          OFF**  |
+---------------------------------+---------------------------------+
|                 ENABLE_TRANSFR  |                      DISABLE**  |
+---------------------------------+---------------------------------+
|                  SHAREDEBRINIT  |                      DISABLE**  |
+---------------------------------+---------------------------------+
|            BACKGROUND_RECONFIG  |                          OFF**  |
+---------------------------------+---------------------------------+
 *  Default setting.
 ** The specified setting matches the default setting.


Creating bit map...
 
Bitstream Status: Final           Version 1.94.
 
Saving bit stream in "spi_slave_default_impl.jed".
 
===========
UFM Summary.
===========
UFM Size:        2046 Pages (128*2046 Bits).
UFM Utilization: General Purpose Flash Memory.
 
Available General Purpose Flash Memory: 2046 Pages (Page 0 to Page 2045).
Initialized UFM Pages:                     0 Page.
 
