
             Lattice Mapping Report File for Design Module 'top'


Design Information
------------------

Command line:   map -a MachXO2 -p LCMXO2-7000HE -t TQFP144 -s 5 -oc Commercial
     spi_slave_default_impl.ngd -o spi_slave_default_impl_map.ncd -pr
     spi_slave_default_impl.prf -mp spi_slave_default_impl.mrp -lpf
     C:/embedded/FPGA
     projects/spi_slave/default_impl/spi_slave_default_impl_synplify.lpf -lpf
     C:/embedded/FPGA projects/spi_slave/spi_slave.lpf -c 0 -gui -msgset
     C:/embedded/FPGA projects/spi_slave/promote.xml 
Target Vendor:  LATTICE
Target Device:  LCMXO2-7000HETQFP144
Target Performance:   5
Mapper:  xo2c00,  version:  Diamond (64-bit) 3.9.1.119
Mapped on:  05/29/17  02:50:11

Design Summary
--------------

   Number of registers:     30 out of  7209 (0%)
      PFU registers:           25 out of  6864 (0%)
      PIO registers:            5 out of   345 (1%)
   Number of SLICEs:        16 out of  3432 (0%)
      SLICEs as Logic/ROM:     16 out of  3432 (0%)
      SLICEs as RAM:            0 out of  2574 (0%)
      SLICEs as Carry:          5 out of  3432 (0%)
   Number of LUT4s:         30 out of  6864 (0%)
      Number used as logic LUTs:         20
      Number used as distributed RAM:     0
      Number used as ripple logic:       10
      Number used as shift registers:     0
   Number of PIO sites used: 14 + 4(JTAG) out of 115 (16%)
   Number of block RAMs:  0 out of 26 (0%)
   Number of GSRs:  0 out of 1 (0%)
   EFB used :       No
   JTAG used :      No
   Readback used :  No
   Oscillator used :  No
   Startup used :   No
   POR :            On
   Bandgap :        On
   Number of Power Controller:  0 out of 1 (0%)
   Number of Dynamic Bank Controller (BCINRD):  0 out of 6 (0%)
   Number of Dynamic Bank Controller (BCLVDSO):  0 out of 1 (0%)
   Number of DCCA:  0 out of 8 (0%)
   Number of DCMA:  0 out of 2 (0%)
   Number of PLLs:  0 out of 2 (0%)
   Number of DQSDLLs:  0 out of 2 (0%)
   Number of CLKDIVC:  0 out of 4 (0%)
   Number of ECLKSYNCA:  0 out of 4 (0%)
   Number of ECLKBRIDGECS:  0 out of 2 (0%)
   Notes:-
      1. Total number of LUT4s = (Number of logic LUT4s) + 2*(Number of
     distributed RAMs) + 2*(Number of ripple logic)
      2. Number of logic LUT4s does not include count of distributed RAM and
     ripple logic.
   Number of clocks:  1
     Net CLK_c: 21 loads, 21 rising, 0 falling (Driver: PIO CLK )

                                    Page 1




Design:  top                                           Date:  05/29/17  02:50:11

Design Summary (cont)
---------------------
   Number of Clock Enables:  4
     Net spi.un1_SSELreg_2_i: 5 loads, 4 LSLICEs
     Net spi.byte_received: 1 loads, 0 LSLICEs
     Net spi/bit_count8dup: 1 loads, 1 LSLICEs
     Net spi/SSEL_start_msg: 5 loads, 5 LSLICEs
   Number of LSRs:  2
     Net spi/SSELreg[1]: 2 loads, 2 LSLICEs
     Net spi/byte_receivedc_i: 1 loads, 1 LSLICEs
   Number of nets driven by tri-state buffers:  0
   Top 10 highest fanout non-clock nets:
     Net spi/SSELreg[2]: 11 loads
     Net spi/byte_data_sent_6_sn_N_2: 7 loads
     Net spi/SSELreg[1]: 7 loads
     Net spi/SCKreg[1]: 6 loads
     Net spi.un1_SSELreg_2_i: 5 loads
     Net spi/bit_count[0]: 5 loads
     Net spi/SCKreg[2]: 5 loads
     Net spi/SSEL_start_msg: 5 loads
     Net spi/bit_count[1]: 4 loads
     Net spi/bit_count[2]: 3 loads




   Number of warnings:  0
   Number of errors:    0
     

Design Errors/Warnings
----------------------

   No errors or warnings present.

IO (PIO) Attributes
-------------------

+---------------------+-----------+-----------+------------+
| IO Name             | Direction | Levelmode | IO         |
|                     |           |  IO_TYPE  | Register   |
+---------------------+-----------+-----------+------------+
| LED[1]              | OUTPUT    | LVCMOS33  |            |
+---------------------+-----------+-----------+------------+
| CLK_EN              | OUTPUT    | LVCMOS33  |            |
+---------------------+-----------+-----------+------------+
| CLK                 | INPUT     | LVCMOS33  |            |
+---------------------+-----------+-----------+------------+
| LED[7]              | OUTPUT    | LVCMOS33  |            |
+---------------------+-----------+-----------+------------+
| LED[6]              | OUTPUT    | LVCMOS33  |            |
+---------------------+-----------+-----------+------------+
| LED[5]              | OUTPUT    | LVCMOS33  |            |
+---------------------+-----------+-----------+------------+
| LED[4]              | OUTPUT    | LVCMOS33  |            |
+---------------------+-----------+-----------+------------+
| LED[3]              | OUTPUT    | LVCMOS33  |            |
+---------------------+-----------+-----------+------------+

                                    Page 2




Design:  top                                           Date:  05/29/17  02:50:11

IO (PIO) Attributes (cont)
--------------------------
| LED[2]              | OUTPUT    | LVCMOS33  |            |
+---------------------+-----------+-----------+------------+
| LED[0]              | OUTPUT    | LVCMOS33  | OUT        |
+---------------------+-----------+-----------+------------+
| MISO                | OUTPUT    | LVCMOS33  | OUT        |
+---------------------+-----------+-----------+------------+
| CS                  | INPUT     | LVCMOS33  | IN         |
+---------------------+-----------+-----------+------------+
| MOSI                | INPUT     | LVCMOS33  | IN         |
+---------------------+-----------+-----------+------------+
| SCK                 | INPUT     | LVCMOS33  | IN         |
+---------------------+-----------+-----------+------------+

Removed logic
-------------

Block GSR_INST undriven or does not drive anything - clipped.
Signal spi/GND undriven or does not drive anything - clipped.
Signal spi/cnt_s_0_S1[7] undriven or does not drive anything - clipped.
Signal spi/cnt_s_0_COUT[7] undriven or does not drive anything - clipped.
Signal spi/cnt_cry_0_S0[0] undriven or does not drive anything - clipped.
Signal spi/N_1 undriven or does not drive anything - clipped.
Block spi/GND was optimized away.

Memory Usage
------------


     

Run Time and Memory Usage
-------------------------

   Total CPU Time: 0 secs  
   Total REAL Time: 0 secs  
   Peak Memory Usage: 57 MB
        




















                                    Page 3


Copyright (c) 1991-1994 by NeoCAD Inc. All rights reserved.
     Copyright (c) 1995 AT&T Corp.   All rights reserved.
     Copyright (c) 1995-2001 Lucent Technologies Inc.  All rights reserved.
     Copyright (c) 2001 Agere Systems   All rights reserved.
     Copyright (c) 2002-2017 Lattice Semiconductor Corporation,  All rights
     reserved.
